<?xml version="1.0" encoding="UTF-8"?>
<!-- Generated by org.testng.reporters.JUnitXMLReporter -->
<testsuite ignored="0" hostname="MSI" failures="0" tests="12" name="Default test" time="16.814" errors="0" timestamp="2024-10-13T21:29:59 IST">
  <testcase classname="api.testcases.UserTestDD" name="testCreateUser" time="2.589"/>
  <testcase classname="api.testcases.UserTestDD" name="testCreateUser" time="1.106"/>
  <testcase classname="api.testcases.UserTestDD" name="testCreateUser" time="1.14"/>
  <testcase classname="api.testcases.UserTestDD" name="testCreateUser" time="1.173"/>
  <testcase classname="api.testcases.UserTestDD" name="testGetUserData" time="1.178"/>
  <testcase classname="api.testcases.UserTestDD" name="testGetUserData" time="1.14"/>
  <testcase classname="api.testcases.UserTestDD" name="testGetUserData" time="1.065"/>
  <testcase classname="api.testcases.UserTestDD" name="testGetUserData" time="1.178"/>
  <testcase classname="api.testcases.UserTestDD" name="testDeleteUser" time="1.066"/>
  <testcase classname="api.testcases.UserTestDD" name="testDeleteUser" time="1.138"/>
  <testcase classname="api.testcases.UserTestDD" name="testDeleteUser" time="1.159"/>
  <testcase classname="api.testcases.UserTestDD" name="testDeleteUser" time="1.233"/>
</testsuite> <!-- Default test -->
