<?xml version="1.0" encoding="UTF-8"?>
<!-- Generated by org.testng.reporters.JUnitXMLReporter -->
<testsuite ignored="0" hostname="MSI" failures="0" tests="4" name="Test" time="8.738" errors="0" timestamp="2024-10-14T00:21:14 IST">
  <testcase classname="api.testcases.UserTest" name="testCreateUser" time="3.196"/>
  <testcase classname="api.testcases.UserTest" name="testGetUserData" time="1.183"/>
  <testcase classname="api.testcases.UserTest" name="testUpdateUser" time="2.258"/>
  <testcase classname="api.testcases.UserTest" name="testDeleteUser" time="1.112"/>
</testsuite> <!-- Test -->
